0 info it worked if it ends with ok
1 verbose cli [ '/usr/local/Cellar/node/5.7.0/bin/node',
1 verbose cli   '/usr/local/bin/npm',
1 verbose cli   'run',
1 verbose cli   'rails' ]
2 info using npm@3.6.0
3 info using node@v5.7.0
4 verbose run-script [ 'prerails', 'rails', 'postrails' ]
5 info lifecycle hammock@1.0.0~prerails: hammock@1.0.0
6 silly lifecycle hammock@1.0.0~prerails: no script for prerails, continuing
7 info lifecycle hammock@1.0.0~rails: hammock@1.0.0
8 verbose lifecycle hammock@1.0.0~rails: unsafe-perm in lifecycle true
9 verbose lifecycle hammock@1.0.0~rails: PATH: /usr/local/lib/node_modules/npm/bin/node-gyp-bin:/Users/inatsetsova/Documents/Coding/Makers/Projects/hammockapp/node_modules/.bin:/Users/inatsetsova/.rvm/gems/ruby-2.2.1/bin:/Users/inatsetsova/.rvm/gems/ruby-2.2.1@global/bin:/Users/inatsetsova/.rvm/rubies/ruby-2.2.1/bin:/usr/local/bin:/usr/bin:/bin:/usr/sbin:/sbin:/opt/X11/bin:/Users/inatsetsova/.rvm/bin
10 verbose lifecycle hammock@1.0.0~rails: CWD: /Users/inatsetsova/Documents/Coding/Makers/Projects/hammockapp
11 silly lifecycle hammock@1.0.0~rails: Args: [ '-c', 'cd ../hammockapp_api/hammock && rails s' ]
12 silly lifecycle hammock@1.0.0~rails: Returned: code: 1  signal: null
13 info lifecycle hammock@1.0.0~rails: Failed to exec rails script
14 verbose stack Error: hammock@1.0.0 rails: `cd ../hammockapp_api/hammock && rails s`
14 verbose stack Exit status 1
14 verbose stack     at EventEmitter.<anonymous> (/usr/local/lib/node_modules/npm/lib/utils/lifecycle.js:232:16)
14 verbose stack     at emitTwo (events.js:100:13)
14 verbose stack     at EventEmitter.emit (events.js:185:7)
14 verbose stack     at ChildProcess.<anonymous> (/usr/local/lib/node_modules/npm/lib/utils/spawn.js:24:14)
14 verbose stack     at emitTwo (events.js:100:13)
14 verbose stack     at ChildProcess.emit (events.js:185:7)
14 verbose stack     at maybeClose (internal/child_process.js:827:16)
14 verbose stack     at Process.ChildProcess._handle.onexit (internal/child_process.js:211:5)
15 verbose pkgid hammock@1.0.0
16 verbose cwd /Users/inatsetsova/Documents/Coding/Makers/Projects/hammockapp
17 error Darwin 14.5.0
18 error argv "/usr/local/Cellar/node/5.7.0/bin/node" "/usr/local/bin/npm" "run" "rails"
19 error node v5.7.0
20 error npm  v3.6.0
21 error code ELIFECYCLE
22 error hammock@1.0.0 rails: `cd ../hammockapp_api/hammock && rails s`
22 error Exit status 1
23 error Failed at the hammock@1.0.0 rails script 'cd ../hammockapp_api/hammock && rails s'.
23 error Make sure you have the latest version of node.js and npm installed.
23 error If you do, this is most likely a problem with the hammock package,
23 error not with npm itself.
23 error Tell the author that this fails on your system:
23 error     cd ../hammockapp_api/hammock && rails s
23 error You can get information on how to open an issue for this project with:
23 error     npm bugs hammock
23 error Or if that isn't available, you can get their info via:
23 error     npm owner ls hammock
23 error There is likely additional logging output above.
24 verbose exit [ 1, true ]
